day: 0
solution: 6970.220960648816
day: 1
solution: 6955.385264239572
day: 2
solution: 6792.946057805184
day: 3
solution: 6809.002282260311
day: 4
solution: 6536.793959442182
day: 5
solution: 6625.270286162387
day: 6
solution: 7391.940432199449
day: 7
solution: 7054.715777143093
day: 8
solution: 6347.734231750067
day: 9
solution: 6409.042502210471
day: 10
solution: 7164.812744446718
day: 11
solution: 6342.26534281281
day: 12
solution: 6786.688660811504
day: 13
solution: 7017.784190444427
day: 14
solution: 6920.398376498027
day: 15
solution: 6564.934353379979
day: 16
solution: 7351.7198138714875
day: 17
solution: 6367.332572258121
day: 18
solution: 6404.045720697239
day: 19
solution: 7083.203438649488
day: 20
solution: 6727.909482347193
day: 21
solution: 7062.723238321882
day: 22
solution: 6435.892779012364
day: 23
solution: 7474.28771620474
day: 24
solution: 6962.424055630657
day: 25
solution: 7065.894171234452
day: 26
solution: 6566.404133799206
day: 27
solution: 6885.627135712373
day: 28
solution: 6731.341189157145
day: 29
solution: 7174.256527895486
day: 30
solution: 5658.347773511684
day: 31
solution: 6413.5033962181005
day: 32
solution: 6337.47934748798
day: 33
solution: 6981.510850229186
day: 34
solution: 7792.366818699955
day: 35
solution: 6981.400749389589
day: 36
solution: 6629.967846567355
day: 37
solution: 6593.535469572526
day: 38
solution: 6834.541755862135
day: 39
solution: 7477.09099982599
day: 40
solution: 5888.016557608583
day: 41
solution: 6616.6726631068
day: 42
solution: 7201.78853832803
day: 43
solution: 6752.244177940983
day: 44
solution: 7068.376685480127
day: 45
solution: 7136.095685484625
day: 46
solution: 6500.275781425613
day: 47
solution: 6882.041477431621
day: 48
solution: 6482.286700130379
day: 49
solution: 6604.80250082701
day: 50
solution: 7467.679487774347
day: 51
solution: 6859.4216408021975
day: 52
solution: 6230.543009302045
day: 53
solution: 6392.337458848647
day: 54
solution: 6621.52251858893
day: 55
solution: 7264.069454625821
day: 56
solution: 6609.770568778145
day: 57
solution: 6783.824152421412
day: 58
solution: 6438.9578431364425
day: 59
solution: 6589.49418445694
day: 60
solution: 6421.191743497229
day: 61
solution: 6845.946359167568
day: 62
solution: 6948.914113520671
day: 63
solution: 6758.242515251564
day: 64
solution: 5880.954254355779
day: 65
solution: 6990.883303002798
day: 66
solution: 6519.598961397325
day: 67
solution: 6050.434904766918
day: 68
solution: 6953.29444304738
day: 69
solution: 6607.384821337777
day: 70
solution: 6915.421448809237
day: 71
solution: 6885.086510375819
day: 72
solution: 6614.797069696098
day: 73
solution: 6575.8320102298185
day: 74
solution: 6710.083718023472
day: 75
solution: 6346.288790480334
day: 76
solution: 6156.038237046323
day: 77
solution: 7493.961185807386
day: 78
solution: 6669.222837005854
day: 79
solution: 6676.256679514353
day: 80
solution: 7399.806763988352
day: 81
solution: 7087.701910989925
day: 82
solution: 6403.519252750099
day: 83
solution: 6504.674918932677
day: 84
solution: 7199.129928175303
day: 85
solution: 6486.889366815795
day: 86
solution: 5672.600060876127
day: 87
solution: 7140.334494760249
day: 88
solution: 7541.779950524449
day: 89
solution: 6447.112061769128
day: 90
solution: 6413.504170103895
day: 91
solution: 6958.148441627052
day: 92
solution: 7213.378543562314
day: 93
solution: 6978.48073234482
day: 94
solution: 6565.336910137039
day: 95
solution: 7103.647676946056
day: 96
solution: 6733.312836709828
day: 97
solution: 7145.797391567579
day: 98
solution: 6379.3509327887205
day: 99
solution: 7054.63780521196
day: 100
solution: 6283.594997106299
day: 101
solution: 6554.277786089057
day: 102
solution: 6954.481299513396
day: 103
solution: 6868.217037146779
day: 104
solution: 6002.570490439505
day: 105
solution: 6620.8484813216255
day: 106
solution: 6413.98902702757
day: 107
solution: 6182.76844167375
day: 108
solution: 6532.936565116881
day: 109
solution: 7044.065808929041
day: 110
solution: 6804.662396270535
day: 111
solution: 6553.631375159795
day: 112
solution: 6654.920387334374
day: 113
solution: 6385.420148546244
day: 114
solution: 6610.80873354697
day: 115
solution: 6720.878378212599
day: 116
solution: 6396.882968862219
day: 117
solution: 6201.774074516223
day: 118
solution: 6441.433547100937
day: 119
solution: 6137.241769465077
day: 120
solution: 6452.506926246717
day: 121
solution: 6917.097275424459
day: 122
solution: 7433.605677626051
day: 123
solution: 6287.212380729318
day: 124
solution: 6263.354576490541
day: 125
solution: 6377.204774873859
day: 126
solution: 7246.229903247807
day: 127
solution: 6463.062456181496
day: 128
solution: 6111.926590826186
day: 129
solution: 6931.577441801765
day: 130
solution: 7053.579606767974
day: 131
solution: 6145.291033490048
day: 132
solution: 7166.046320227675
day: 133
solution: 6569.734289058954
day: 134
solution: 7151.908431042995
day: 135
solution: 7208.9653672773775
day: 136
solution: 6262.571628888633
day: 137
solution: 7199.051404314988
day: 138
solution: 6125.910451431114
day: 139
solution: 6610.360897103223
day: 140
solution: 6386.8663360991495
day: 141
solution: 7172.341071016985
day: 142
solution: 6555.359027551867
day: 143
solution: 6184.901250431345
day: 144
solution: 7530.245178694124
day: 145
solution: 7306.83415060529
day: 146
solution: 6577.345124739467
day: 147
solution: 6746.0657466101275
day: 148
solution: 6372.474127453985
day: 149
solution: 6128.33094328834
day: 150
solution: 6861.986483208759
day: 151
solution: 6942.483912757959
day: 152
solution: 6869.78029714283
day: 153
solution: 7040.578897799025
day: 154
solution: 6365.923498951092
day: 155
solution: 5909.653761992993
day: 156
solution: 7230.585359956185
day: 157
solution: 6658.71052488404
day: 158
solution: 6173.4191805560495
day: 159
solution: 6802.369814840855
day: 160
solution: 6790.133267593472
day: 161
solution: 6744.162627273061
day: 162
solution: 7241.697662040715
day: 163
solution: 6661.521211782705
day: 164
solution: 6617.564735352498
day: 165
solution: 6693.179135803479
day: 166
solution: 6802.698789419507
day: 167
solution: 7471.299637199889
day: 168
solution: 7752.025427853408
day: 169
solution: 7801.16084336352
day: 170
solution: 6984.4939967900145
day: 171
solution: 6398.9284983924435
day: 172
solution: 6943.651798710275
day: 173
solution: 6330.385006997787
day: 174
solution: 6081.769853211513
day: 175
solution: 6969.778764395036
day: 176
solution: 6815.500500491757
day: 177
solution: 6825.44541550454
day: 178
solution: 6233.11387075226
day: 179
solution: 6567.333319097854
day: 180
solution: 6478.41379966557
day: 181
solution: 6921.46346406619
day: 182
solution: 6404.544450376662
day: 183
solution: 6561.1140891138575
day: 184
solution: 6687.101263867924
day: 185
solution: 6310.810588551494
day: 186
solution: 6600.621373166165
day: 187
solution: 7280.866093026113
day: 188
solution: 6494.811674557684
day: 189
solution: 6484.446808677723
day: 190
solution: 7043.063808740565
day: 191
solution: 6237.78894253638
day: 192
solution: 6713.25445479514
day: 193
solution: 6636.404210128549
day: 194
solution: 6856.071201761533
day: 195
solution: 6994.592639005424
day: 196
solution: 7012.754194903774
day: 197
solution: 7140.033571054664
day: 198
solution: 7093.174659659195
day: 199
solution: 6748.69247269098
day: 200
solution: 5670.365166017678
day: 201
solution: 6988.646401829343
day: 202
solution: 7412.874438935141
day: 203
solution: 6655.534566712966
day: 204
solution: 6620.788337312513
day: 205
solution: 6186.167964833669
day: 206
solution: 6461.641139503443
day: 207
solution: 6565.660464591104
