day: 0
solution: 4240.590904006753
day: 1
solution: 4176.07572337529
day: 2
solution: 4478.0280076404715
day: 3
solution: 4886.46117406168
day: 4
solution: 5036.38276807852
day: 5
solution: 5069.167680277893
day: 6
solution: 4587.209051400089
day: 7
solution: 4972.941770929089
day: 8
solution: 5010.438648946434
day: 9
solution: 4774.1849556168745
day: 10
solution: 5116.613658762459
day: 11
solution: 4699.871902839546
day: 12
solution: 4944.596430681588
day: 13
solution: 4953.795066750688
day: 14
solution: 4740.576468408302
day: 15
solution: 4828.4626125043405
day: 16
solution: 4846.1192722710875
day: 17
solution: 5066.977911529815
day: 18
solution: 5126.314278525884
day: 19
solution: 4806.911737802167
day: 20
solution: 4893.733199749117
day: 21
solution: 4445.830603601358
day: 22
solution: 5226.281974664449
day: 23
solution: 4785.616426995059
day: 24
solution: 4870.309188459474
day: 25
solution: 5228.016635616295
day: 26
solution: 4618.143575861797
day: 27
solution: 4809.862310449266
day: 28
solution: 4907.601630998867
day: 29
solution: 4750.893442950009
day: 30
solution: 4920.457501754754
day: 31
solution: 4686.902255643607
day: 32
solution: 5089.719480621374
day: 33
solution: 4970.088108834641
day: 34
solution: 5076.561718280184
day: 35
solution: 4835.151099216135
day: 36
solution: 4932.236945036385
day: 37
solution: 5077.376198051899
day: 38
solution: 4864.670682093914
day: 39
solution: 4881.382281472251
day: 40
solution: 4810.091680891181
day: 41
solution: 5122.928010022535
day: 42
solution: 4733.528916969478
day: 43
solution: 4675.413963343945
day: 44
solution: 4679.329458288657
day: 45
solution: 4855.083810086691
day: 46
solution: 5294.901974594357
day: 47
solution: 5049.542865584888
day: 48
solution: 4477.584288079726
day: 49
solution: 4733.141736309059
day: 50
solution: 4990.872342784177
day: 51
solution: 4451.501141243503
day: 52
solution: 4831.743802153684
day: 53
solution: 4954.697780530176
day: 54
solution: 5088.103251838733
day: 55
solution: 4834.145896494214
day: 56
solution: 5172.164063322747
day: 57
solution: 4683.675974528756
day: 58
solution: 5021.374206891283
day: 59
solution: 5103.800757520157
day: 60
solution: 4869.226868782436
day: 61
solution: 4567.781263030751
day: 62
solution: 4683.057512675054
day: 63
solution: 4856.978145256185
day: 64
solution: 5015.954364109652
day: 65
solution: 5169.936070966323
day: 66
solution: 4617.466770853034
day: 67
solution: 4879.008171368643
day: 68
solution: 4904.843425285813
day: 69
solution: 5312.318619355041
day: 70
solution: 4796.054901680674
day: 71
solution: 4654.184988815252
day: 72
solution: 4711.7656350034085
day: 73
solution: 4742.586331149794
day: 74
solution: 4879.607049524284
day: 75
solution: 5000.260619445527
day: 76
solution: 4891.05045284695
day: 77
solution: 4881.278964665639
day: 78
solution: 4892.9975594900525
day: 79
solution: 4639.317400020878
day: 80
solution: 4795.477597833624
day: 81
solution: 5083.435345169082
day: 82
solution: 4745.029927528227
day: 83
solution: 5002.482395509587
day: 84
solution: 4804.094994374325
day: 85
solution: 4471.7315005711225
day: 86
solution: 4837.20037759082
day: 87
solution: 5149.36112866757
day: 88
solution: 4667.321109692786
day: 89
solution: 4925.2592312814995
day: 90
solution: 5165.66214617435
day: 91
solution: 5398.906799845851
day: 92
solution: 5133.537931879429
day: 93
solution: 4532.252553806513
day: 94
solution: 4955.476666939965
day: 95
solution: 5309.740422324816
day: 96
solution: 4806.013542001548
day: 97
solution: 4849.892828524703
day: 98
solution: 4924.137388039774
day: 99
solution: 4798.458538081008
day: 100
solution: 4854.290491140147
day: 101
solution: 4806.442927124441
day: 102
solution: 5359.295511060489
day: 103
solution: 5022.579059816577
day: 104
solution: 4906.303115943443
day: 105
solution: 5118.325096549214
day: 106
solution: 4534.316367523485
day: 107
solution: 5243.133114654529
day: 108
solution: 4933.134466436612
day: 109
solution: 4739.127884879567
day: 110
solution: 4592.154252625246
day: 111
solution: 4871.574602882331
day: 112
solution: 4819.671443401046
day: 113
solution: 4618.139463117268
day: 114
solution: 4912.378073500837
day: 115
solution: 5165.720462459988
day: 116
solution: 4778.366080017589
day: 117
solution: 4949.246586672014
day: 118
solution: 5108.21402356699
day: 119
solution: 4690.974561336157
day: 120
solution: 5238.644608534727
day: 121
solution: 4696.637726281853
day: 122
solution: 4698.537139583605
day: 123
solution: 5268.272045442633
day: 124
solution: 5038.793050678026
day: 125
solution: 4836.468867259511
day: 126
solution: 4851.860015682807
day: 127
solution: 5107.793746500442
day: 128
solution: 4842.654122533472
day: 129
solution: 5023.14131955355
day: 130
solution: 4643.533467306758
day: 131
solution: 5124.204046111678
day: 132
solution: 4946.184190680206
day: 133
solution: 5213.082693313334
day: 134
solution: 4772.785113112547
day: 135
solution: 4570.513218385979
day: 136
solution: 4754.99868227868
day: 137
solution: 4826.345195650281
day: 138
solution: 4877.231838877819
day: 139
solution: 4817.473867524859
day: 140
solution: 4820.7196479056
day: 141
solution: 4770.928508730202
day: 142
solution: 4856.5762857569025
day: 143
solution: 4827.548952963092
day: 144
solution: 4817.861422840578
day: 145
solution: 4658.728770122667
day: 146
solution: 4715.352977261657
day: 147
solution: 4777.774169300652
day: 148
solution: 4608.331089725045
day: 149
solution: 4913.946022838845
day: 150
solution: 5024.594182480744
day: 151
solution: 5256.154820601484
day: 152
solution: 4877.7354785154475
day: 153
solution: 4771.277232228796
day: 154
solution: 5145.884702375742
day: 155
solution: 5029.53759357092
day: 156
solution: 4810.802850786966
day: 157
solution: 4629.524869618446
day: 158
solution: 4975.205984553627
day: 159
solution: 4853.261753022698
day: 160
solution: 5259.721815232973
day: 161
solution: 4783.4060421013
day: 162
solution: 4804.427697741653
day: 163
solution: 4897.869013299146
day: 164
solution: 5112.539597038753
day: 165
solution: 4848.416262823152
day: 166
solution: 5018.687868816082
day: 167
solution: 4767.1940596195045
day: 168
solution: 4885.315475314763
day: 169
solution: 4633.940394901711
day: 170
solution: 4678.682844807898
day: 171
solution: 4481.68586997923
day: 172
solution: 4923.53818930847
day: 173
solution: 4855.411883489498
day: 174
solution: 5399.746939279905
day: 175
solution: 4988.403193177715
day: 176
solution: 5237.983950427479
day: 177
solution: 4791.690619055058
day: 178
solution: 4789.998485474076
day: 179
solution: 5007.482269070455
day: 180
solution: 4602.2183510664045
day: 181
solution: 4892.028025330868
day: 182
solution: 4924.129074659372
day: 183
solution: 4914.550848422732
day: 184
solution: 4768.701648097222
day: 185
solution: 5301.238523316074
day: 186
solution: 5182.812611628353
day: 187
solution: 4974.406626015421
day: 188
solution: 4590.9805073363295
day: 189
solution: 4788.128388461577
day: 190
solution: 4909.043805498175
day: 191
solution: 5212.166636752269
day: 192
solution: 5041.700712469257
day: 193
solution: 4773.863258399386
day: 194
solution: 4810.111306701023
day: 195
solution: 4978.941376736118
day: 196
solution: 4854.040473410192
day: 197
solution: 4924.540352358228
day: 198
solution: 4766.037091776639
day: 199
solution: 5149.38568229631
day: 200
solution: 4905.936734333819
day: 201
solution: 4899.284482236968
day: 202
solution: 4819.683138500005
day: 203
solution: 5246.204068865864
day: 204
solution: 5170.896372938927
day: 205
solution: 4487.298244431389
day: 206
solution: 4922.157351949802
day: 207
